android/app/build/intermediates/manifest_merge_blame_file/debug/processDebugMainManifest/manifest-merger-blame-debug-report.txt
1<?xml version="1.0" encoding="utf-8"?>
2<manifest xmlns:android="http://schemas.android.com/apk/res/android"
3    package="com.postsynchronizer"
4    android:versionCode="1"
5    android:versionName="1.0" >
6
7    <uses-sdk
8        android:minSdkVersion="23"
9        android:targetSdkVersion="34" />
10
11    <uses-permission android:name="android.permission.INTERNET" />
11-->src\main\AndroidManifest.xml:3:5-67
11-->src\main\AndroidManifest.xml:3:22-64
12    <uses-permission android:name="android.permission.ACCESS_NETWORK_STATE" />
12-->[:sentry_react-native] AndroidManifest.xml:8:5-79
12-->[:sentry_react-native] AndroidManifest.xml:8:22-76
13    <uses-permission android:name="android.permission.WRITE_EXTERNAL_STORAGE" />
13-->[:react-native-fs] AndroidManifest.xml:7:5-81
13-->[:react-native-fs] AndroidManifest.xml:7:22-78
14    <uses-permission android:name="android.permission.READ_EXTERNAL_STORAGE" />
15
16    <queries>
16-->[:react-native-inappbrowser-reborn] AndroidManifest.xml:9:5-13:15
17        <intent>
17-->[:react-native-inappbrowser-reborn] AndroidManifest.xml:10:9-12:18
18            <action android:name="android.support.customtabs.action.CustomTabsService" />
18-->[:react-native-inappbrowser-reborn] AndroidManifest.xml:11:13-90
18-->[:react-native-inappbrowser-reborn] AndroidManifest.xml:11:21-87
19        </intent>
20    </queries>
21    <!--
22    This manifest file is used only by Gradle to configure debug-only capabilities
23    for React Native Apps.
24    -->
25    <uses-permission android:name="android.permission.SYSTEM_ALERT_WINDOW" />
25-->[com.facebook.react:react-android:0.75.5] AndroidManifest.xml:16:5-78
25-->[com.facebook.react:react-android:0.75.5] AndroidManifest.xml:16:22-75
26
27    <permission
27-->[androidx.core:core:1.13.1] AndroidManifest.xml:22:5-24:47
28        android:name="com.postsynchronizer.DYNAMIC_RECEIVER_NOT_EXPORTED_PERMISSION"
28-->[androidx.core:core:1.13.1] AndroidManifest.xml:23:9-81
29        android:protectionLevel="signature" />
29-->[androidx.core:core:1.13.1] AndroidManifest.xml:24:9-44
30
31    <uses-permission android:name="com.postsynchronizer.DYNAMIC_RECEIVER_NOT_EXPORTED_PERMISSION" />
31-->[androidx.core:core:1.13.1] AndroidManifest.xml:26:5-97
31-->[androidx.core:core:1.13.1] AndroidManifest.xml:26:22-94
32
33    <application
33-->src\main\AndroidManifest.xml:5:5-31:19
34        android:name="com.postsynchronizer.MainApplication"
34-->src\main\AndroidManifest.xml:6:7-38
35        android:allowBackup="false"
35-->src\main\AndroidManifest.xml:10:7-34
36        android:appComponentFactory="androidx.core.app.CoreComponentFactory"
36-->[androidx.core:core:1.13.1] AndroidManifest.xml:28:18-86
37        android:debuggable="true"
38        android:extractNativeLibs="false"
39        android:icon="@mipmap/ic_launcher"
39-->src\main\AndroidManifest.xml:8:7-41
40        android:label="@string/app_name"
40-->src\main\AndroidManifest.xml:7:7-39
41        android:roundIcon="@mipmap/ic_launcher_round"
41-->src\main\AndroidManifest.xml:9:7-52
42        android:supportsRtl="true"
42-->src\main\AndroidManifest.xml:12:7-33
43        android:theme="@style/AppTheme"
43-->src\main\AndroidManifest.xml:11:7-38
44        android:usesCleartextTraffic="true" >
44-->src\debug\AndroidManifest.xml:6:9-44
45        <activity
45-->src\main\AndroidManifest.xml:13:7-30:18
46            android:name="com.postsynchronizer.MainActivity"
46-->src\main\AndroidManifest.xml:14:9-37
47            android:configChanges="keyboard|keyboardHidden|orientation|screenLayout|screenSize|smallestScreenSize|uiMode"
47-->src\main\AndroidManifest.xml:16:9-118
48            android:exported="true"
48-->src\main\AndroidManifest.xml:19:9-32
49            android:label="@string/app_name"
49-->src\main\AndroidManifest.xml:15:9-41
50            android:launchMode="singleTask"
50-->src\main\AndroidManifest.xml:17:9-40
51            android:windowSoftInputMode="adjustResize" >
51-->src\main\AndroidManifest.xml:18:9-51
52            <intent-filter>
52-->src\main\AndroidManifest.xml:20:9-23:25
53                <action android:name="android.intent.action.MAIN" />
53-->src\main\AndroidManifest.xml:21:13-65
53-->src\main\AndroidManifest.xml:21:21-62
54
55                <category android:name="android.intent.category.LAUNCHER" />
55-->src\main\AndroidManifest.xml:22:13-73
55-->src\main\AndroidManifest.xml:22:23-70
56            </intent-filter>
57            <intent-filter>
57-->src\main\AndroidManifest.xml:24:9-29:25
58                <action android:name="android.intent.action.VIEW" />
58-->src\main\AndroidManifest.xml:25:13-65
58-->src\main\AndroidManifest.xml:25:21-62
59
60                <category android:name="android.intent.category.DEFAULT" />
60-->src\main\AndroidManifest.xml:26:13-72
60-->src\main\AndroidManifest.xml:26:23-69
61                <category android:name="android.intent.category.BROWSABLE" />
61-->src\main\AndroidManifest.xml:27:13-74
61-->src\main\AndroidManifest.xml:27:23-71
62
63                <data android:scheme="postsync" />
63-->src\main\AndroidManifest.xml:28:13-47
63-->src\main\AndroidManifest.xml:28:19-44
64            </intent-filter>
65        </activity>
66
67        <meta-data
67-->[:sentry_react-native] AndroidManifest.xml:11:9-13:37
68            android:name="io.sentry.auto-init"
68-->[:sentry_react-native] AndroidManifest.xml:12:13-47
69            android:value="false" />
69-->[:sentry_react-native] AndroidManifest.xml:13:13-34
70
71        <provider
71-->[:react-native-image-picker] AndroidManifest.xml:8:9-16:20
72            android:name="com.imagepicker.ImagePickerProvider"
72-->[:react-native-image-picker] AndroidManifest.xml:9:13-63
73            android:authorities="com.postsynchronizer.imagepickerprovider"
73-->[:react-native-image-picker] AndroidManifest.xml:10:13-71
74            android:exported="false"
74-->[:react-native-image-picker] AndroidManifest.xml:11:13-37
75            android:grantUriPermissions="true" >
75-->[:react-native-image-picker] AndroidManifest.xml:12:13-47
76            <meta-data
76-->[:react-native-image-picker] AndroidManifest.xml:13:13-15:70
77                android:name="android.support.FILE_PROVIDER_PATHS"
77-->[:react-native-image-picker] AndroidManifest.xml:14:17-67
78                android:resource="@xml/imagepicker_provider_paths" />
78-->[:react-native-image-picker] AndroidManifest.xml:15:17-67
79        </provider>
80
81        <activity
81-->[:react-native-inappbrowser-reborn] AndroidManifest.xml:16:9-19:20
82            android:name="com.proyecto26.inappbrowser.ChromeTabsManagerActivity"
82-->[:react-native-inappbrowser-reborn] AndroidManifest.xml:17:13-81
83            android:exported="false" >
83-->[:react-native-inappbrowser-reborn] AndroidManifest.xml:18:13-37
84        </activity>
85        <activity
85-->[com.facebook.react:react-android:0.75.5] AndroidManifest.xml:19:9-21:40
86            android:name="com.facebook.react.devsupport.DevSettingsActivity"
86-->[com.facebook.react:react-android:0.75.5] AndroidManifest.xml:20:13-77
87            android:exported="false" /> <!-- 'android:authorities' must be unique in the device, across all apps -->
87-->[com.facebook.react:react-android:0.75.5] AndroidManifest.xml:21:13-37
88        <provider
88-->[io.sentry:sentry-android-core:7.22.6] AndroidManifest.xml:12:9-15:40
89            android:name="io.sentry.android.core.SentryInitProvider"
89-->[io.sentry:sentry-android-core:7.22.6] AndroidManifest.xml:13:13-69
90            android:authorities="com.postsynchronizer.SentryInitProvider"
90-->[io.sentry:sentry-android-core:7.22.6] AndroidManifest.xml:14:13-70
91            android:exported="false" />
91-->[io.sentry:sentry-android-core:7.22.6] AndroidManifest.xml:15:13-37
92        <provider
92-->[io.sentry:sentry-android-core:7.22.6] AndroidManifest.xml:16:9-20:39
93            android:name="io.sentry.android.core.SentryPerformanceProvider"
93-->[io.sentry:sentry-android-core:7.22.6] AndroidManifest.xml:17:13-76
94            android:authorities="com.postsynchronizer.SentryPerformanceProvider"
94-->[io.sentry:sentry-android-core:7.22.6] AndroidManifest.xml:18:13-77
95            android:exported="false"
95-->[io.sentry:sentry-android-core:7.22.6] AndroidManifest.xml:19:13-37
96            android:initOrder="200" />
96-->[io.sentry:sentry-android-core:7.22.6] AndroidManifest.xml:20:13-36
97        <provider
97-->[androidx.emoji2:emoji2:1.3.0] AndroidManifest.xml:24:9-32:20
98            android:name="androidx.startup.InitializationProvider"
98-->[androidx.emoji2:emoji2:1.3.0] AndroidManifest.xml:25:13-67
99            android:authorities="com.postsynchronizer.androidx-startup"
99-->[androidx.emoji2:emoji2:1.3.0] AndroidManifest.xml:26:13-68
100            android:exported="false" >
100-->[androidx.emoji2:emoji2:1.3.0] AndroidManifest.xml:27:13-37
101            <meta-data
101-->[androidx.emoji2:emoji2:1.3.0] AndroidManifest.xml:29:13-31:52
102                android:name="androidx.emoji2.text.EmojiCompatInitializer"
102-->[androidx.emoji2:emoji2:1.3.0] AndroidManifest.xml:30:17-75
103                android:value="androidx.startup" />
103-->[androidx.emoji2:emoji2:1.3.0] AndroidManifest.xml:31:17-49
104            <meta-data
104-->[androidx.lifecycle:lifecycle-process:2.8.7] AndroidManifest.xml:29:13-31:52
105                android:name="androidx.lifecycle.ProcessLifecycleInitializer"
105-->[androidx.lifecycle:lifecycle-process:2.8.7] AndroidManifest.xml:30:17-78
106                android:value="androidx.startup" />
106-->[androidx.lifecycle:lifecycle-process:2.8.7] AndroidManifest.xml:31:17-49
107            <meta-data
107-->[androidx.profileinstaller:profileinstaller:1.4.1] AndroidManifest.xml:29:13-31:52
108                android:name="androidx.profileinstaller.ProfileInstallerInitializer"
108-->[androidx.profileinstaller:profileinstaller:1.4.1] AndroidManifest.xml:30:17-85
109                android:value="androidx.startup" />
109-->[androidx.profileinstaller:profileinstaller:1.4.1] AndroidManifest.xml:31:17-49
110        </provider>
111
112        <receiver
112-->[androidx.profileinstaller:profileinstaller:1.4.1] AndroidManifest.xml:34:9-52:20
113            android:name="androidx.profileinstaller.ProfileInstallReceiver"
113-->[androidx.profileinstaller:profileinstaller:1.4.1] AndroidManifest.xml:35:13-76
114            android:directBootAware="false"
114-->[androidx.profileinstaller:profileinstaller:1.4.1] AndroidManifest.xml:36:13-44
115            android:enabled="true"
115-->[androidx.profileinstaller:profileinstaller:1.4.1] AndroidManifest.xml:37:13-35
116            android:exported="true"
116-->[androidx.profileinstaller:profileinstaller:1.4.1] AndroidManifest.xml:38:13-36
117            android:permission="android.permission.DUMP" >
117-->[androidx.profileinstaller:profileinstaller:1.4.1] AndroidManifest.xml:39:13-57
118            <intent-filter>
118-->[androidx.profileinstaller:profileinstaller:1.4.1] AndroidManifest.xml:40:13-42:29
119                <action android:name="androidx.profileinstaller.action.INSTALL_PROFILE" />
119-->[androidx.profileinstaller:profileinstaller:1.4.1] AndroidManifest.xml:41:17-91
119-->[androidx.profileinstaller:profileinstaller:1.4.1] AndroidManifest.xml:41:25-88
120            </intent-filter>
121            <intent-filter>
121-->[androidx.profileinstaller:profileinstaller:1.4.1] AndroidManifest.xml:43:13-45:29
122                <action android:name="androidx.profileinstaller.action.SKIP_FILE" />
122-->[androidx.profileinstaller:profileinstaller:1.4.1] AndroidManifest.xml:44:17-85
122-->[androidx.profileinstaller:profileinstaller:1.4.1] AndroidManifest.xml:44:25-82
123            </intent-filter>
124            <intent-filter>
124-->[androidx.profileinstaller:profileinstaller:1.4.1] AndroidManifest.xml:46:13-48:29
125                <action android:name="androidx.profileinstaller.action.SAVE_PROFILE" />
125-->[androidx.profileinstaller:profileinstaller:1.4.1] AndroidManifest.xml:47:17-88
125-->[androidx.profileinstaller:profileinstaller:1.4.1] AndroidManifest.xml:47:25-85
126            </intent-filter>
127            <intent-filter>
127-->[androidx.profileinstaller:profileinstaller:1.4.1] AndroidManifest.xml:49:13-51:29
128                <action android:name="androidx.profileinstaller.action.BENCHMARK_OPERATION" />
128-->[androidx.profileinstaller:profileinstaller:1.4.1] AndroidManifest.xml:50:17-95
128-->[androidx.profileinstaller:profileinstaller:1.4.1] AndroidManifest.xml:50:25-92
129            </intent-filter>
130        </receiver>
131
132        <meta-data
132-->[com.facebook.soloader:soloader:0.11.0] AndroidManifest.xml:12:9-14:37
133            android:name="com.facebook.soloader.enabled"
133-->[com.facebook.soloader:soloader:0.11.0] AndroidManifest.xml:13:13-57
134            android:value="false" />
134-->[com.facebook.soloader:soloader:0.11.0] AndroidManifest.xml:14:13-34
135    </application>
136
137</manifest>